app/build/intermediates/manifest_merge_blame_file/release/processReleaseMainManifest/manifest-merger-blame-release-report.txt
1<?xml version="1.0" encoding="utf-8"?>
2<manifest xmlns:android="http://schemas.android.com/apk/res/android"
3    package="com.example.f_rent"
4    android:versionCode="1"
5    android:versionName="Beta Test Version" >
6
7    <uses-sdk
8        android:minSdkVersion="31"
9        android:targetSdkVersion="36" />
10
11    <uses-permission android:name="android.permission.POST_NOTIFICATIONS" />
11-->src\main\AndroidManifest.xml:5:5-77
11-->src\main\AndroidManifest.xml:5:22-74
12    <uses-permission android:name="android.permission.ACCESS_FINE_LOCATION" />
12-->src\main\AndroidManifest.xml:6:5-79
12-->src\main\AndroidManifest.xml:6:22-76
13    <uses-permission android:name="android.permission.ACCESS_COARSE_LOCATION" />
13-->src\main\AndroidManifest.xml:7:5-81
13-->src\main\AndroidManifest.xml:7:22-78
14    <uses-permission android:name="android.permission.INTERNET" />
14-->src\main\AndroidManifest.xml:8:5-67
14-->src\main\AndroidManifest.xml:8:22-64
15    <uses-permission android:name="android.permission.ACCESS_NETWORK_STATE" />
15-->src\main\AndroidManifest.xml:9:5-79
15-->src\main\AndroidManifest.xml:9:22-76
16    <uses-permission android:name="android.permission.WRITE_EXTERNAL_STORAGE" />
16-->src\main\AndroidManifest.xml:10:5-81
16-->src\main\AndroidManifest.xml:10:22-78
17
18    <supports-screens
18-->[org.osmdroid:osmdroid-android:6.1.12] AndroidManifest.xml:9:5-12:40
19        android:anyDensity="true"
19-->[org.osmdroid:osmdroid-android:6.1.12] AndroidManifest.xml:10:9-34
20        android:largeScreens="true"
20-->[org.osmdroid:osmdroid-android:6.1.12] AndroidManifest.xml:11:9-36
21        android:normalScreens="true" />
21-->[org.osmdroid:osmdroid-android:6.1.12] AndroidManifest.xml:12:9-37
22
23    <uses-feature
23-->[org.osmdroid:osmdroid-android:6.1.12] AndroidManifest.xml:14:5-16:36
24        android:name="android.hardware.location.network"
24-->[org.osmdroid:osmdroid-android:6.1.12] AndroidManifest.xml:15:9-57
25        android:required="false" />
25-->[org.osmdroid:osmdroid-android:6.1.12] AndroidManifest.xml:16:9-33
26    <uses-feature
26-->[org.osmdroid:osmdroid-android:6.1.12] AndroidManifest.xml:17:5-19:36
27        android:name="android.hardware.location.gps"
27-->[org.osmdroid:osmdroid-android:6.1.12] AndroidManifest.xml:18:9-53
28        android:required="false" />
28-->[org.osmdroid:osmdroid-android:6.1.12] AndroidManifest.xml:19:9-33
29    <uses-feature
29-->[org.osmdroid:osmdroid-android:6.1.12] AndroidManifest.xml:20:5-22:36
30        android:name="android.hardware.telephony"
30-->[org.osmdroid:osmdroid-android:6.1.12] AndroidManifest.xml:21:9-50
31        android:required="false" />
31-->[org.osmdroid:osmdroid-android:6.1.12] AndroidManifest.xml:22:9-33
32    <uses-feature
32-->[org.osmdroid:osmdroid-android:6.1.12] AndroidManifest.xml:23:5-25:36
33        android:name="android.hardware.wifi"
33-->[org.osmdroid:osmdroid-android:6.1.12] AndroidManifest.xml:24:9-45
34        android:required="false" />
34-->[org.osmdroid:osmdroid-android:6.1.12] AndroidManifest.xml:25:9-33
35
36    <uses-permission android:name="android.permission.READ_PHONE_STATE" />
37    <uses-permission android:name="android.permission.READ_EXTERNAL_STORAGE" />
38
39    <permission
39-->[androidx.core:core:1.13.0] AndroidManifest.xml:22:5-24:47
40        android:name="com.example.f_rent.DYNAMIC_RECEIVER_NOT_EXPORTED_PERMISSION"
40-->[androidx.core:core:1.13.0] AndroidManifest.xml:23:9-81
41        android:protectionLevel="signature" />
41-->[androidx.core:core:1.13.0] AndroidManifest.xml:24:9-44
42
43    <uses-permission android:name="com.example.f_rent.DYNAMIC_RECEIVER_NOT_EXPORTED_PERMISSION" />
43-->[androidx.core:core:1.13.0] AndroidManifest.xml:26:5-97
43-->[androidx.core:core:1.13.0] AndroidManifest.xml:26:22-94
44
45    <application
45-->src\main\AndroidManifest.xml:12:5-111:19
46        android:allowBackup="true"
46-->src\main\AndroidManifest.xml:13:9-35
47        android:appComponentFactory="androidx.core.app.CoreComponentFactory"
47-->[androidx.core:core:1.13.0] AndroidManifest.xml:28:18-86
48        android:dataExtractionRules="@xml/data_extraction_rules"
48-->src\main\AndroidManifest.xml:14:9-65
49        android:extractNativeLibs="false"
50        android:fullBackupContent="@xml/backup_rules"
50-->src\main\AndroidManifest.xml:15:9-54
51        android:icon="@mipmap/logo"
51-->src\main\AndroidManifest.xml:16:9-36
52        android:label="@string/app_name"
52-->src\main\AndroidManifest.xml:17:9-41
53        android:roundIcon="@mipmap/logo"
53-->src\main\AndroidManifest.xml:18:9-41
54        android:supportsRtl="true"
54-->src\main\AndroidManifest.xml:19:9-35
55        android:theme="@style/Theme.FRent" >
55-->src\main\AndroidManifest.xml:20:9-43
56        <activity
56-->src\main\AndroidManifest.xml:22:9-29:20
57            android:name="com.example.f_rent.EntranceInApp.SplashScreenActivity"
57-->src\main\AndroidManifest.xml:23:13-63
58            android:exported="true" >
58-->src\main\AndroidManifest.xml:24:13-36
59            <intent-filter>
59-->src\main\AndroidManifest.xml:25:13-28:29
60                <action android:name="android.intent.action.MAIN" />
60-->src\main\AndroidManifest.xml:26:17-69
60-->src\main\AndroidManifest.xml:26:25-66
61
62                <category android:name="android.intent.category.LAUNCHER" />
62-->src\main\AndroidManifest.xml:27:17-77
62-->src\main\AndroidManifest.xml:27:27-74
63            </intent-filter>
64        </activity>
65        <activity
65-->src\main\AndroidManifest.xml:31:9-34:20
66            android:name="com.example.f_rent.MainActivity"
66-->src\main\AndroidManifest.xml:32:13-41
67            android:exported="true" >
67-->src\main\AndroidManifest.xml:33:13-36
68        </activity>
69        <activity
69-->src\main\AndroidManifest.xml:36:9-39:20
70            android:name="com.example.f_rent.EntranceInApp.EntranceInApp"
70-->src\main\AndroidManifest.xml:37:13-56
71            android:exported="true" >
71-->src\main\AndroidManifest.xml:38:13-36
72        </activity>
73        <activity
73-->src\main\AndroidManifest.xml:40:9-43:20
74            android:name="com.example.f_rent.EntranceInApp.SignUp"
74-->src\main\AndroidManifest.xml:41:13-49
75            android:exported="true" >
75-->src\main\AndroidManifest.xml:42:13-36
76        </activity>
77        <activity
77-->src\main\AndroidManifest.xml:44:9-47:20
78            android:name="com.example.f_rent.EntranceInApp.VerificationCodeSignUp"
78-->src\main\AndroidManifest.xml:45:13-65
79            android:exported="true" >
79-->src\main\AndroidManifest.xml:46:13-36
80        </activity>
81        <activity
81-->src\main\AndroidManifest.xml:48:9-51:20
82            android:name="com.example.f_rent.EntranceInApp.ChooseRole"
82-->src\main\AndroidManifest.xml:49:13-53
83            android:exported="true" >
83-->src\main\AndroidManifest.xml:50:13-36
84        </activity>
85        <activity
85-->src\main\AndroidManifest.xml:52:9-55:20
86            android:name="com.example.f_rent.EntranceInApp.ChoosePostamatNearby"
86-->src\main\AndroidManifest.xml:53:13-63
87            android:exported="true" >
87-->src\main\AndroidManifest.xml:54:13-36
88        </activity>
89        <activity
89-->src\main\AndroidManifest.xml:56:9-59:20
90            android:name="com.example.f_rent.Products.AllCategories"
90-->src\main\AndroidManifest.xml:57:13-51
91            android:exported="true" >
91-->src\main\AndroidManifest.xml:58:13-36
92        </activity>
93        <activity
93-->src\main\AndroidManifest.xml:60:9-63:20
94            android:name="com.example.f_rent.Products.ClothesClass"
94-->src\main\AndroidManifest.xml:61:13-50
95            android:exported="true" >
95-->src\main\AndroidManifest.xml:62:13-36
96        </activity>
97        <activity
97-->src\main\AndroidManifest.xml:64:9-67:20
98            android:name="com.example.f_rent.Products.ToolsClass"
98-->src\main\AndroidManifest.xml:65:13-48
99            android:exported="true" >
99-->src\main\AndroidManifest.xml:66:13-36
100        </activity>
101        <activity
101-->src\main\AndroidManifest.xml:68:9-71:20
102            android:name="com.example.f_rent.Products.NotHaveProducts"
102-->src\main\AndroidManifest.xml:69:13-53
103            android:exported="true" >
103-->src\main\AndroidManifest.xml:70:13-36
104        </activity>
105        <activity
105-->src\main\AndroidManifest.xml:72:9-75:20
106            android:name="com.example.f_rent.ProductCards.ProductCardKostum"
106-->src\main\AndroidManifest.xml:73:13-59
107            android:exported="true" >
107-->src\main\AndroidManifest.xml:74:13-36
108        </activity>
109        <activity
109-->src\main\AndroidManifest.xml:76:9-79:20
110            android:name="com.example.f_rent.ProductCards.ProductCardDrill"
110-->src\main\AndroidManifest.xml:77:13-58
111            android:exported="true" >
111-->src\main\AndroidManifest.xml:78:13-36
112        </activity>
113        <activity
113-->src\main\AndroidManifest.xml:80:9-83:20
114            android:name="com.example.f_rent.ProductCards.ProductCardPlayStation"
114-->src\main\AndroidManifest.xml:81:13-64
115            android:exported="true" >
115-->src\main\AndroidManifest.xml:82:13-36
116        </activity>
117        <activity
117-->src\main\AndroidManifest.xml:84:9-87:20
118            android:name="com.example.f_rent.Products.Basket"
118-->src\main\AndroidManifest.xml:85:13-44
119            android:exported="true" >
119-->src\main\AndroidManifest.xml:86:13-36
120        </activity>
121        <activity
121-->src\main\AndroidManifest.xml:88:9-91:20
122            android:name="com.example.f_rent.UserProfileBasic"
122-->src\main\AndroidManifest.xml:89:13-45
123            android:exported="true" >
123-->src\main\AndroidManifest.xml:90:13-36
124        </activity>
125        <activity
125-->src\main\AndroidManifest.xml:92:9-95:20
126            android:name="com.example.f_rent.UserProfileSettings"
126-->src\main\AndroidManifest.xml:93:13-48
127            android:exported="true" >
127-->src\main\AndroidManifest.xml:94:13-36
128        </activity>
129        <activity
129-->src\main\AndroidManifest.xml:96:9-99:20
130            android:name="com.example.f_rent.UserProfileSeller"
130-->src\main\AndroidManifest.xml:97:13-46
131            android:exported="true" >
131-->src\main\AndroidManifest.xml:98:13-36
132        </activity>
133        <activity
133-->src\main\AndroidManifest.xml:101:9-103:40
134            android:name="com.example.f_rent.UserProfilePassport"
134-->src\main\AndroidManifest.xml:102:13-48
135            android:exported="false" />
135-->src\main\AndroidManifest.xml:103:13-37
136
137        <meta-data
137-->src\main\AndroidManifest.xml:107:9-109:57
138            android:name="preloaded_fonts"
138-->src\main\AndroidManifest.xml:108:13-43
139            android:resource="@array/preloaded_fonts" />
139-->src\main\AndroidManifest.xml:109:13-54
140
141        <provider
141-->[androidx.emoji2:emoji2:1.3.0] AndroidManifest.xml:24:9-32:20
142            android:name="androidx.startup.InitializationProvider"
142-->[androidx.emoji2:emoji2:1.3.0] AndroidManifest.xml:25:13-67
143            android:authorities="com.example.f_rent.androidx-startup"
143-->[androidx.emoji2:emoji2:1.3.0] AndroidManifest.xml:26:13-68
144            android:exported="false" >
144-->[androidx.emoji2:emoji2:1.3.0] AndroidManifest.xml:27:13-37
145            <meta-data
145-->[androidx.emoji2:emoji2:1.3.0] AndroidManifest.xml:29:13-31:52
146                android:name="androidx.emoji2.text.EmojiCompatInitializer"
146-->[androidx.emoji2:emoji2:1.3.0] AndroidManifest.xml:30:17-75
147                android:value="androidx.startup" />
147-->[androidx.emoji2:emoji2:1.3.0] AndroidManifest.xml:31:17-49
148            <meta-data
148-->[androidx.lifecycle:lifecycle-process:2.6.2] AndroidManifest.xml:29:13-31:52
149                android:name="androidx.lifecycle.ProcessLifecycleInitializer"
149-->[androidx.lifecycle:lifecycle-process:2.6.2] AndroidManifest.xml:30:17-78
150                android:value="androidx.startup" />
150-->[androidx.lifecycle:lifecycle-process:2.6.2] AndroidManifest.xml:31:17-49
151            <meta-data
151-->[androidx.profileinstaller:profileinstaller:1.4.0] AndroidManifest.xml:29:13-31:52
152                android:name="androidx.profileinstaller.ProfileInstallerInitializer"
152-->[androidx.profileinstaller:profileinstaller:1.4.0] AndroidManifest.xml:30:17-85
153                android:value="androidx.startup" />
153-->[androidx.profileinstaller:profileinstaller:1.4.0] AndroidManifest.xml:31:17-49
154        </provider>
155
156        <receiver
156-->[androidx.profileinstaller:profileinstaller:1.4.0] AndroidManifest.xml:34:9-52:20
157            android:name="androidx.profileinstaller.ProfileInstallReceiver"
157-->[androidx.profileinstaller:profileinstaller:1.4.0] AndroidManifest.xml:35:13-76
158            android:directBootAware="false"
158-->[androidx.profileinstaller:profileinstaller:1.4.0] AndroidManifest.xml:36:13-44
159            android:enabled="true"
159-->[androidx.profileinstaller:profileinstaller:1.4.0] AndroidManifest.xml:37:13-35
160            android:exported="true"
160-->[androidx.profileinstaller:profileinstaller:1.4.0] AndroidManifest.xml:38:13-36
161            android:permission="android.permission.DUMP" >
161-->[androidx.profileinstaller:profileinstaller:1.4.0] AndroidManifest.xml:39:13-57
162            <intent-filter>
162-->[androidx.profileinstaller:profileinstaller:1.4.0] AndroidManifest.xml:40:13-42:29
163                <action android:name="androidx.profileinstaller.action.INSTALL_PROFILE" />
163-->[androidx.profileinstaller:profileinstaller:1.4.0] AndroidManifest.xml:41:17-91
163-->[androidx.profileinstaller:profileinstaller:1.4.0] AndroidManifest.xml:41:25-88
164            </intent-filter>
165            <intent-filter>
165-->[androidx.profileinstaller:profileinstaller:1.4.0] AndroidManifest.xml:43:13-45:29
166                <action android:name="androidx.profileinstaller.action.SKIP_FILE" />
166-->[androidx.profileinstaller:profileinstaller:1.4.0] AndroidManifest.xml:44:17-85
166-->[androidx.profileinstaller:profileinstaller:1.4.0] AndroidManifest.xml:44:25-82
167            </intent-filter>
168            <intent-filter>
168-->[androidx.profileinstaller:profileinstaller:1.4.0] AndroidManifest.xml:46:13-48:29
169                <action android:name="androidx.profileinstaller.action.SAVE_PROFILE" />
169-->[androidx.profileinstaller:profileinstaller:1.4.0] AndroidManifest.xml:47:17-88
169-->[androidx.profileinstaller:profileinstaller:1.4.0] AndroidManifest.xml:47:25-85
170            </intent-filter>
171            <intent-filter>
171-->[androidx.profileinstaller:profileinstaller:1.4.0] AndroidManifest.xml:49:13-51:29
172                <action android:name="androidx.profileinstaller.action.BENCHMARK_OPERATION" />
172-->[androidx.profileinstaller:profileinstaller:1.4.0] AndroidManifest.xml:50:17-95
172-->[androidx.profileinstaller:profileinstaller:1.4.0] AndroidManifest.xml:50:25-92
173            </intent-filter>
174        </receiver>
175    </application>
176
177</manifest>